#
# A fatal error has been detected by the Java Runtime Environment:
#
#  EXCEPTION_ACCESS_VIOLATION (0xc0000005) at pc=0x00000000513fb2db, pid=10104, tid=0x0000000000001844
#
# JRE version: Java(TM) SE Runtime Environment (8.0_291-b10) (build 1.8.0_291-b10)
# Java VM: Java HotSpot(TM) 64-Bit Server VM (25.291-b10 mixed mode windows-amd64 compressed oops)
# Problematic frame:
# V  [jvm.dll+0x20b2db]
#
# Failed to write core dump. Minidumps are not enabled by default on client versions of Windows
#
# If you would like to submit a bug report, please visit:
#   http://bugreport.java.com/bugreport/crash.jsp
#

---------------  T H R E A D  ---------------

Current thread (0x0000021eb0d98800):  JavaThread "cluster1-worker-1" [_thread_in_vm, id=6212, stack(0x000000f7cbc00000,0x000000f7cbd00000)]

siginfo: ExceptionCode=0xc0000005, writing address 0x000000f7cbcfb7d0

Registers:
RAX=0x0000000000000005, RBX=0x0000000000000005, RCX=0x000000f7cbcfb7d0, RDX=0x0000000000004000
RSP=0x000000f7cbcff7d0, RBP=0x000000f7cbcff8d0, RSI=0x0000000000000005, RDI=0x0000021eaf49c6b0
R8 =0x0000000000000005, R9 =0x0000000000000006, R10=0x0000021eb1097710, R11=0x0000021eaf49c6b0
R12=0x0000021eb112b7a0, R13=0x000000f7cbcffba0, R14=0x000000f7cbcffad0, R15=0x000000f7cbcff7d0
RIP=0x00000000513fb2db, EFLAGS=0x0000000000010206

Top of Stack: (sp=0x000000f7cbcff7d0)
0x000000f7cbcff7d0:   0000021eb0d98800 0000000000000001
0x000000f7cbcff7e0:   0000021eaf49c6b0 00000000512b721a
0x000000f7cbcff7f0:   0000021eaf49c6b0 0000021eb0d98800
0x000000f7cbcff800:   0000000000000000 0000000000000000
0x000000f7cbcff810:   0000000a00006c00 0000021eaf49c6b0
0x000000f7cbcff820:   0000021eb0d98800 0000021e9bb149a0
0x000000f7cbcff830:   0000000000000001 0000000000000000
0x000000f7cbcff840:   0000021eaf49c6b0 0000000000000001
0x000000f7cbcff850:   0000000000000005 0000021eb0d98800
0x000000f7cbcff860:   0000021eaf49c6b0 0000021eb0d98800
0x000000f7cbcff870:   0000021eaf49c6b0 0000021eb0d98800
0x000000f7cbcff880:   0000021eb0d98800 0000021eb0d98800
0x000000f7cbcff890:   0000000000000005 0000021eaf49c6b0
0x000000f7cbcff8a0:   0000000100006c48 00000000512bc4a7
0x000000f7cbcff8b0:   0000021eb112b7a0 000000f7cbcff911
0x000000f7cbcff8c0:   0000021eaf49c6b0 0000000000000000 

Instructions: (pc=0x00000000513fb2db)
0x00000000513fb2bb:   f8 7c 33 48 8b de e8 7a 9c 08 00 48 63 d0 ff c6
0x00000000513fb2cb:   48 0f af d3 49 8b cf 48 63 c6 48 2b ca 48 ff c3
0x00000000513fb2db:   c7 01 00 00 00 00 48 3b 05 c8 02 56 00 7e d7 48
0x00000000513fb2eb:   8b 9d e8 00 00 00 48 8d 54 24 48 48 8d 4d 50 e8 


Register to memory mapping:

RAX=0x0000000000000005 is an unknown value
RBX=0x0000000000000005 is an unknown value
RCX=0x000000f7cbcfb7d0 is pointing into the stack for thread: 0x0000021eb0d98800
RDX=0x0000000000004000 is an unknown value
RSP=0x000000f7cbcff7d0 is pointing into the stack for thread: 0x0000021eb0d98800
RBP=0x000000f7cbcff8d0 is pointing into the stack for thread: 0x0000021eb0d98800
RSI=0x0000000000000005 is an unknown value
RDI={method} {0x0000021eaf49c6b8} 'run' '()V' in 'java/lang/Thread'
R8 =0x0000000000000005 is an unknown value
R9 =0x0000000000000006 is an unknown value
R10=0x0000021eb1097710 is an unknown value
R11={method} {0x0000021eaf49c6b8} 'run' '()V' in 'java/lang/Thread'
R12=0x0000021eb112b7a0 is an unknown value
R13=0x000000f7cbcffba0 is pointing into the stack for thread: 0x0000021eb0d98800
R14=0x000000f7cbcffad0 is pointing into the stack for thread: 0x0000021eb0d98800
R15=0x000000f7cbcff7d0 is pointing into the stack for thread: 0x0000021eb0d98800


Stack: [0x000000f7cbc00000,0x000000f7cbd00000],  sp=0x000000f7cbcff7d0,  free space=1021k
