#
# There is insufficient memory for the Java Runtime Environment to continue.
# Native memory allocation (malloc) failed to allocate 32784 bytes for Chunk::new
# Possible reasons:
#   The system is out of physical RAM or swap space
#   The process is running with CompressedOops enabled, and the Java Heap may be blocking the growth of the native heap
# Possible solutions:
#   Reduce memory load on the system
#   Increase physical memory or swap space
#   Check if swap backing store is full
#   Decrease Java heap size (-Xmx/-Xms)
#   Decrease number of Java threads
#   Decrease Java thread stack sizes (-Xss)
#   Set larger code cache with -XX:ReservedCodeCacheSize=
#   JVM is running with Unscaled Compressed Oops mode in which the Java heap is
#     placed in the first 4GB address space. The Java Heap base address is the
#     maximum limit for the native heap growth. Please use -XX:HeapBaseMinAddress
#     to set the Java Heap base and to place the Java Heap above 4GB virtual address.
# This output file may be truncated or incomplete.
#
#  Out of Memory Error (allocation.cpp:389), pid=2560, tid=0x0000000000001144
#
# JRE version: Java(TM) SE Runtime Environment (8.0_291-b10) (build 1.8.0_291-b10)
# Java VM: Java HotSpot(TM) 64-Bit Server VM (25.291-b10 mixed mode windows-amd64 compressed oops)
# Failed to write core dump. Minidumps are not enabled by default on client versions of Windows
#

---------------  T H R E A D  ---------------

Current thread (0x0000020d249b3000):  JavaThread "C1 CompilerThread1" daemon [_thread_in_native, id=4420, stack(0x000000748ef00000,0x000000748f000000)]

Stack: [0x000000748ef00000,0x000000748f000000]
Native frames: (J=compiled Java code, j=interpreted, Vv=VM code, C=native code)
V  [jvm.dll+0x32ea19]


Current CompileTask:
C1:  22767 3895   !   3       scala.reflect.internal.tpe.TypeMaps$TypeMap::mapOver (2309 bytes)


---------------  P R O C E S S  ---------------

Java Threads: ( => current thread )
  0x0000020d2ac06800 JavaThread "block-manager-ask-thread-pool-1" daemon [_thread_blocked, id=8700, stack(0x0000007491e00000,0x0000007491f00000)]
  0x0000020d2ac09800 JavaThread "block-manager-ask-thread-pool-0" daemon [_thread_blocked, id=9012, stack(0x0000007491d00000,0x0000007491e00000)]
  0x0000020d2ac04000 JavaThread "block-manager-storage-async-thread-pool-2" daemon [_thread_blocked, id=4216, stack(0x0000007491c00000,0x0000007491d00000)]
  0x0000020d2ac05000 JavaThread "block-manager-storage-async-thread-pool-1" daemon [_thread_blocked, id=3036, stack(0x0000007491b00000,0x0000007491c00000)]
  0x0000020d260e0000 JavaThread "block-manager-storage-async-thread-pool-0" daemon [_thread_blocked, id=3540, stack(0x0000007491a00000,0x0000007491b00000)]
  0x0000020d260de800 JavaThread "task-result-getter-0" daemon [_thread_blocked, id=3852, stack(0x0000007491900000,0x0000007491a00000)]
  0x0000020d260df800 JavaThread "Executor task launch worker for task 0.0 in stage 0.0 (TID 0)" daemon [_thread_blocked, id=7564, stack(0x0000007491800000,0x0000007491900000)]
  0x0000020d260de000 JavaThread "spark-listener-group-shared" daemon [_thread_blocked, id=2244, stack(0x0000007491700000,0x0000007491800000)]
  0x0000020d260e1000 JavaThread "element-tracking-store-worker" daemon [_thread_blocked, id=6780, stack(0x0000007491600000,0x0000007491700000)]
  0x0000020d260dd000 JavaThread "spark-listener-group-executorManagement" daemon [_thread_blocked, id=8728, stack(0x0000007491500000,0x0000007491600000)]
  0x0000020d260d5800 JavaThread "spark-listener-group-appStatus" daemon [_thread_blocked, id=8776, stack(0x0000007491400000,0x0000007491500000)]
  0x0000020d260dc800 JavaThread "context-cleaner-periodic-gc" daemon [_thread_blocked, id=8204, stack(0x0000007491300000,0x0000007491400000)]
  0x0000020d260d7000 JavaThread "Spark Context Cleaner" daemon [_thread_blocked, id=8212, stack(0x0000007491200000,0x0000007491300000)]
  0x0000020d260d5000 JavaThread "shuffle-boss-6-1" daemon [_thread_in_native, id=3492, stack(0x0000007491100000,0x0000007491200000)]
  0x0000020d260db800 JavaThread "executor-heartbeater" daemon [_thread_blocked, id=7764, stack(0x0000007491000000,0x0000007491100000)]
  0x0000020d260da000 JavaThread "driver-heartbeater" daemon [_thread_blocked, id=2792, stack(0x0000007490f00000,0x0000007491000000)]
  0x0000020d260d4000 JavaThread "dag-scheduler-event-loop" daemon [_thread_blocked, id=6260, stack(0x0000007490e00000,0x0000007490f00000)]
  0x0000020d260d8000 JavaThread "Timer-1" daemon [_thread_blocked, id=5476, stack(0x0000007490d00000,0x0000007490e00000)]
  0x0000020d260db000 JavaThread "Timer-0" daemon [_thread_blocked, id=8100, stack(0x0000007490c00000,0x0000007490d00000)]
  0x0000020d260d6800 JavaThread "netty-rpc-env-timeout" daemon [_thread_blocked, id=2380, stack(0x0000007490b00000,0x0000007490c00000)]
  0x0000020d260d2800 JavaThread "heartbeat-receiver-event-loop-thread" daemon [_thread_blocked, id=2388, stack(0x0000007490a00000,0x0000007490b00000)]
  0x0000020d260d9800 JavaThread "SparkUI-34" daemon [_thread_blocked, id=6460, stack(0x0000007490900000,0x0000007490a00000)]
  0x0000020d260d2000 JavaThread "SparkUI-33" daemon [_thread_blocked, id=4796, stack(0x0000007490800000,0x0000007490900000)]
  0x0000020d260d8800 JavaThread "SparkUI-32" daemon [_thread_blocked, id=7216, stack(0x0000007490700000,0x0000007490800000)]
  0x0000020d260d3800 JavaThread "SparkUI-31" daemon [_thread_blocked, id=2008, stack(0x0000007490600000,0x0000007490700000)]
  0x0000020d25789000 JavaThread "SparkUI-30" daemon [_thread_blocked, id=5976, stack(0x0000007490500000,0x0000007490600000)]
  0x0000020d2578a800 JavaThread "SparkUI-29" daemon [_thread_blocked, id=4616, stack(0x0000007490400000,0x0000007490500000)]
  0x0000020d25786000 JavaThread "SparkUI-28-acceptor-0@46b50d2e-ServerConnector@4872eb88{HTTP/1.1, (http/1.1)}{0.0.0.0:4040}" daemon [_thread_in_native, id=744, stack(0x0000007490300000,0x0000007490400000)]
  0x0000020d25788800 JavaThread "SparkUI-27" daemon [_thread_in_native, id=5952, stack(0x0000007490200000,0x0000007490300000)]
  0x0000020d2578a000 JavaThread "RemoteBlock-temp-file-clean-thread" daemon [_thread_blocked, id=7548, stack(0x0000007490100000,0x0000007490200000)]
  0x0000020d25787800 JavaThread "dispatcher-BlockManagerEndpoint1" daemon [_thread_blocked, id=9132, stack(0x0000007490000000,0x0000007490100000)]
  0x0000020d2578c000 JavaThread "dispatcher-BlockManagerMaster" daemon [_thread_blocked, id=9148, stack(0x000000748ff00000,0x0000007490000000)]
  0x0000020d25787000 JavaThread "map-output-dispatcher-7" daemon [_thread_blocked, id=2412, stack(0x000000748fe00000,0x000000748ff00000)]
  0x0000020d2578d000 JavaThread "map-output-dispatcher-6" daemon [_thread_blocked, id=5636, stack(0x000000748fd00000,0x000000748fe00000)]
  0x0000020d28186800 JavaThread "map-output-dispatcher-5" daemon [_thread_blocked, id=2184, stack(0x000000748fc00000,0x000000748fd00000)]
  0x0000020d2817c000 JavaThread "map-output-dispatcher-4" daemon [_thread_blocked, id=7604, stack(0x000000748fb00000,0x000000748fc00000)]
  0x0000020d28171800 JavaThread "map-output-dispatcher-3" daemon [_thread_blocked, id=3700, stack(0x000000748fa00000,0x000000748fb00000)]
  0x0000020d27f47800 JavaThread "map-output-dispatcher-2" daemon [_thread_blocked, id=388, stack(0x000000748f900000,0x000000748fa00000)]
  0x0000020d27f47000 JavaThread "map-output-dispatcher-1" daemon [_thread_blocked, id=7596, stack(0x000000748f800000,0x000000748f900000)]
  0x0000020d27f46000 JavaThread "map-output-dispatcher-0" daemon [_thread_blocked, id=6728, stack(0x000000748f700000,0x000000748f800000)]
  0x0000020d27ee4000 JavaThread "dispatcher-event-loop-1" daemon [_thread_blocked, id=3672, stack(0x000000748f600000,0x000000748f700000)]
  0x0000020d25a8b000 JavaThread "dispatcher-event-loop-0" daemon [_thread_blocked, id=7944, stack(0x000000748f500000,0x000000748f600000)]
  0x0000020d26a33000 JavaThread "rpc-boss-3-1" daemon [_thread_in_native, id=8084, stack(0x000000748f400000,0x000000748f500000)]
  0x0000020d26452800 JavaThread "kafka-coordinator-heartbeat-thread | consumer" daemon [_thread_blocked, id=1300, stack(0x000000748f300000,0x000000748f400000)]
  0x0000020d24a16000 JavaThread "Service Thread" daemon [_thread_blocked, id=3444, stack(0x000000748f000000,0x000000748f100000)]
=>0x0000020d249b3000 JavaThread "C1 CompilerThread1" daemon [_thread_in_native, id=4420, stack(0x000000748ef00000,0x000000748f000000)]
  0x0000020d249a2800 JavaThread "C2 CompilerThread0" daemon [_thread_in_native, id=6508, stack(0x000000748ee00000,0x000000748ef00000)]
  0x0000020d249a1800 JavaThread "Attach Listener" daemon [_thread_blocked, id=3496, stack(0x000000748ed00000,0x000000748ee00000)]
  0x0000020d249a0800 JavaThread "Signal Dispatcher" daemon [_thread_blocked, id=8676, stack(0x000000748ec00000,0x000000748ed00000)]
  0x0000020d24983800 JavaThread "Finalizer" daemon [_thread_blocked, id=2984, stack(0x000000748eb00000,0x000000748ec00000)]
  0x0000020d2495b800 JavaThread "Reference Handler" daemon [_thread_blocked, id=6268, stack(0x000000748ea00000,0x000000748eb00000)]
  0x0000020d0eabd000 JavaThread "main" [_thread_in_Java, id=5336, stack(0x000000748e600000,0x000000748e700000)]

Other Threads:
  0x0000020d24951000 VMThread [stack: 0x000000748e900000,0x000000748ea00000] [id=3204]
  0x0000020d24ab7800 WatcherThread [stack: 0x000000748f100000,0x000000748f200000] [id=6580]

VM state:not at safepoint (normal execution)

VM Mutex/Monitor currently owned by a thread: None

heap address: 0x0000000088a00000, size: 1910 MB, Compressed Oops mode: 32-bit
Narrow klass base: 0x0000000000000000, Narrow klass shift: 3
Compressed class space size: 1073741824 Address: 0x0000000100000000

Heap:
 PSYoungGen      total 99840K, used 11329K [0x00000000d8380000, 0x00000000e0480000, 0x0000000100000000)
  eden space 88576K, 12% used [0x00000000d8380000,0x00000000d8e906c0,0x00000000dda00000)
  from space 11264K, 0% used [0x00000000dda00000,0x00000000dda00000,0x00000000de500000)
  to   space 10752K, 0% used [0x00000000dfa00000,0x00000000dfa00000,0x00000000e0480000)
 ParOldGen       total 87552K, used 15157K [0x0000000088a00000, 0x000000008df80000, 0x00000000d8380000)
  object space 87552K, 17% used [0x0000000088a00000,0x00000000898cd6a0,0x000000008df80000)
 Metaspace       used 61494K, capacity 67454K, committed 67584K, reserved 1107968K
  class space    used 8451K, capacity 9090K, committed 9216K, reserved 1048576K

Card table byte_map: [0x0000020d1f830000,0x0000020d1fbf0000] byte_map_base: 0x0000020d1f3eb000

Marking Bits: (ParMarkBitMap*) 0x0000000051717fe0
 Begin Bits: [0x0000020d1fe70000, 0x0000020d21c48000)
 End Bits:   [0x0000020d21c48000, 0x0000020d23a20000)

Polling page: 0x0000020d0ec60000

CodeCache: size=245760Kb used=10668Kb max_used=10673Kb free=235092Kb
 bounds [0x0000020d10470000, 0x0000020d10ef0000, 0x0000020d1f470000]
 total_blobs=4361 nmethods=3604 adapters=669
 compilation: enabled

Compilation events (10 events):
Event: 22.737 Thread 0x0000020d249a2800 nmethod 3890 0x0000020d10edd390 code [0x0000020d10edd500, 0x0000020d10edd688]
Event: 22.740 Thread 0x0000020d249b3000 3891       3       java.lang.invoke.LambdaForm$MH/1705366777::linkToTargetMethod (13 bytes)
Event: 22.741 Thread 0x0000020d249b3000 nmethod 3891 0x0000020d10edcc10 code [0x0000020d10edcd80, 0x0000020d10edd2a0]
Event: 22.741 Thread 0x0000020d249b3000 3892       3       scala.reflect.runtime.JavaMirrors$JavaMirror::scala$reflect$runtime$JavaMirrors$JavaMirror$$jMemberOps (10 bytes)
Event: 22.741 Thread 0x0000020d249b3000 nmethod 3892 0x0000020d10ee2050 code [0x0000020d10ee21c0, 0x0000020d10ee24b8]
Event: 22.741 Thread 0x0000020d249b3000 3893       3       scala.reflect.runtime.JavaMirrors$JavaMirror$jMemberOps::<init> (21 bytes)
Event: 22.742 Thread 0x0000020d249b3000 nmethod 3893 0x0000020d10ee1bd0 code [0x0000020d10ee1d40, 0x0000020d10ee1f78]
Event: 22.742 Thread 0x0000020d249b3000 3894       3       scala.collection.generic.GenTraversableFactory$$anon$1::apply (8 bytes)
Event: 22.742 Thread 0x0000020d249b3000 nmethod 3894 0x0000020d10ee1790 code [0x0000020d10ee1900, 0x0000020d10ee1b30]
Event: 22.746 Thread 0x0000020d249b3000 3895   !   3       scala.reflect.internal.tpe.TypeMaps$TypeMap::mapOver (2309 bytes)

GC Heap History (10 events):
Event: 11.045 GC heap before
{Heap before GC invocations=8 (full 2):
 PSYoungGen      total 75776K, used 4853K [0x00000000d8380000, 0x00000000deb00000, 0x0000000100000000)
  eden space 67584K, 0% used [0x00000000d8380000,0x00000000d8380000,0x00000000dc580000)
  from space 8192K, 59% used [0x00000000dcd80000,0x00000000dd23d4c0,0x00000000dd580000)
  to   space 8192K, 0% used [0x00000000dc580000,0x00000000dc580000,0x00000000dcd80000)
 ParOldGen       total 54784K, used 7098K [0x0000000088a00000, 0x000000008bf80000, 0x00000000d8380000)
  object space 54784K, 12% used [0x0000000088a00000,0x00000000890ee958,0x000000008bf80000)
 Metaspace       used 33520K, capacity 35290K, committed 35456K, reserved 1079296K
  class space    used 4359K, capacity 4628K, committed 4736K, reserved 1048576K
Event: 11.175 GC heap after
Heap after GC invocations=8 (full 2):
 PSYoungGen      total 75776K, used 0K [0x00000000d8380000, 0x00000000deb00000, 0x0000000100000000)
  eden space 67584K, 0% used [0x00000000d8380000,0x00000000d8380000,0x00000000dc580000)
  from space 8192K, 0% used [0x00000000dcd80000,0x00000000dcd80000,0x00000000dd580000)
  to   space 8192K, 0% used [0x00000000dc580000,0x00000000dc580000,0x00000000dcd80000)
 ParOldGen       total 87552K, used 9941K [0x0000000088a00000, 0x000000008df80000, 0x00000000d8380000)
  object space 87552K, 11% used [0x0000000088a00000,0x00000000893b55a0,0x000000008df80000)
 Metaspace       used 33520K, capacity 35290K, committed 35456K, reserved 1079296K
  class space    used 4359K, capacity 4628K, committed 4736K, reserved 1048576K
}
Event: 15.190 GC heap before
{Heap before GC invocations=9 (full 2):
 PSYoungGen      total 75776K, used 67584K [0x00000000d8380000, 0x00000000deb00000, 0x0000000100000000)
  eden space 67584K, 100% used [0x00000000d8380000,0x00000000dc580000,0x00000000dc580000)
  from space 8192K, 0% used [0x00000000dcd80000,0x00000000dcd80000,0x00000000dd580000)
  to   space 8192K, 0% used [0x00000000dc580000,0x00000000dc580000,0x00000000dcd80000)
 ParOldGen       total 87552K, used 9941K [0x0000000088a00000, 0x000000008df80000, 0x00000000d8380000)
  object space 87552K, 11% used [0x0000000088a00000,0x00000000893b55a0,0x000000008df80000)
 Metaspace       used 43868K, capacity 46728K, committed 46848K, reserved 1089536K
  class space    used 5752K, capacity 6115K, committed 6144K, reserved 1048576K
Event: 15.212 GC heap after
Heap after GC invocations=9 (full 2):
 PSYoungGen      total 75776K, used 8180K [0x00000000d8380000, 0x00000000def00000, 0x0000000100000000)
  eden space 67584K, 0% used [0x00000000d8380000,0x00000000d8380000,0x00000000dc580000)
  from space 8192K, 99% used [0x00000000dc580000,0x00000000dcd7d378,0x00000000dcd80000)
  to   space 10240K, 0% used [0x00000000de500000,0x00000000de500000,0x00000000def00000)
 ParOldGen       total 87552K, used 11866K [0x0000000088a00000, 0x000000008df80000, 0x00000000d8380000)
  object space 87552K, 13% used [0x0000000088a00000,0x0000000089596a90,0x000000008df80000)
 Metaspace       used 43868K, capacity 46728K, committed 46848K, reserved 1089536K
  class space    used 5752K, capacity 6115K, committed 6144K, reserved 1048576K
}
Event: 19.399 GC heap before
{Heap before GC invocations=10 (full 2):
 PSYoungGen      total 75776K, used 75764K [0x00000000d8380000, 0x00000000def00000, 0x0000000100000000)
  eden space 67584K, 100% used [0x00000000d8380000,0x00000000dc580000,0x00000000dc580000)
  from space 8192K, 99% used [0x00000000dc580000,0x00000000dcd7d378,0x00000000dcd80000)
  to   space 10240K, 0% used [0x00000000de500000,0x00000000de500000,0x00000000def00000)
 ParOldGen       total 87552K, used 11866K [0x0000000088a00000, 0x000000008df80000, 0x00000000d8380000)
  object space 87552K, 13% used [0x0000000088a00000,0x0000000089596a90,0x000000008df80000)
 Metaspace       used 52245K, capacity 57036K, committed 57216K, reserved 1099776K
  class space    used 7161K, capacity 7719K, committed 7808K, reserved 1048576K
Event: 19.440 GC heap after
Heap after GC invocations=10 (full 2):
 PSYoungGen      total 98816K, used 9909K [0x00000000d8380000, 0x00000000df180000, 0x0000000100000000)
  eden space 88576K, 0% used [0x00000000d8380000,0x00000000d8380000,0x00000000dda00000)
  from space 10240K, 96% used [0x00000000de500000,0x00000000deead770,0x00000000def00000)
  to   space 11264K, 0% used [0x00000000dda00000,0x00000000dda00000,0x00000000de500000)
 ParOldGen       total 87552K, used 11874K [0x0000000088a00000, 0x000000008df80000, 0x00000000d8380000)
  object space 87552K, 13% used [0x0000000088a00000,0x0000000089598a90,0x000000008df80000)
 Metaspace       used 52245K, capacity 57036K, committed 57216K, reserved 1099776K
  class space    used 7161K, capacity 7719K, committed 7808K, reserved 1048576K
}
Event: 20.432 GC heap before
{Heap before GC invocations=11 (full 2):
 PSYoungGen      total 98816K, used 31715K [0x00000000d8380000, 0x00000000df180000, 0x0000000100000000)
  eden space 88576K, 24% used [0x00000000d8380000,0x00000000d98cb5f0,0x00000000dda00000)
  from space 10240K, 96% used [0x00000000de500000,0x00000000deead770,0x00000000def00000)
  to   space 11264K, 0% used [0x00000000dda00000,0x00000000dda00000,0x00000000de500000)
 ParOldGen       total 87552K, used 11874K [0x0000000088a00000, 0x000000008df80000, 0x00000000d8380000)
  object space 87552K, 13% used [0x0000000088a00000,0x0000000089598a90,0x000000008df80000)
 Metaspace       used 53622K, capacity 59026K, committed 59096K, reserved 1099776K
  class space    used 7405K, capacity 8002K, committed 8064K, reserved 1048576K
Event: 20.455 GC heap after
Heap after GC invocations=11 (full 2):
 PSYoungGen      total 99840K, used 7386K [0x00000000d8380000, 0x00000000e0480000, 0x0000000100000000)
  eden space 88576K, 0% used [0x00000000d8380000,0x00000000d8380000,0x00000000dda00000)
  from space 11264K, 65% used [0x00000000dda00000,0x00000000de136ad0,0x00000000de500000)
  to   space 10752K, 0% used [0x00000000dfa00000,0x00000000dfa00000,0x00000000e0480000)
 ParOldGen       total 87552K, used 11882K [0x0000000088a00000, 0x000000008df80000, 0x00000000d8380000)
  object space 87552K, 13% used [0x0000000088a00000,0x000000008959aa90,0x000000008df80000)
 Metaspace       used 53622K, capacity 59026K, committed 59096K, reserved 1099776K
  class space    used 7405K, capacity 8002K, committed 8064K, reserved 1048576K
}
Event: 20.455 GC heap before
{Heap before GC invocations=12 (full 3):
 PSYoungGen      total 99840K, used 7386K [0x00000000d8380000, 0x00000000e0480000, 0x0000000100000000)
  eden space 88576K, 0% used [0x00000000d8380000,0x00000000d8380000,0x00000000dda00000)
  from space 11264K, 65% used [0x00000000dda00000,0x00000000de136ad0,0x00000000de500000)
  to   space 10752K, 0% used [0x00000000dfa00000,0x00000000dfa00000,0x00000000e0480000)
 ParOldGen       total 87552K, used 11882K [0x0000000088a00000, 0x000000008df80000, 0x00000000d8380000)
  object space 87552K, 13% used [0x0000000088a00000,0x000000008959aa90,0x000000008df80000)
 Metaspace       used 53622K, capacity 59026K, committed 59096K, reserved 1099776K
  class space    used 7405K, capacity 8002K, committed 8064K, reserved 1048576K
Event: 20.628 GC heap after
Heap after GC invocations=12 (full 3):
 PSYoungGen      total 99840K, used 0K [0x00000000d8380000, 0x00000000e0480000, 0x0000000100000000)
  eden space 88576K, 0% used [0x00000000d8380000,0x00000000d8380000,0x00000000dda00000)
  from space 11264K, 0% used [0x00000000dda00000,0x00000000dda00000,0x00000000de500000)
  to   space 10752K, 0% used [0x00000000dfa00000,0x00000000dfa00000,0x00000000e0480000)
 ParOldGen       total 87552K, used 15157K [0x0000000088a00000, 0x000000008df80000, 0x00000000d8380000)
  object space 87552K, 17% used [0x0000000088a00000,0x00000000898cd6a0,0x000000008df80000)
 Metaspace       used 53622K, capacity 59026K, committed 59096K, reserved 1099776K
  class space    used 7405K, capacity 8002K, committed 8064K, reserved 1048576K
}

Deoptimization events (10 events):
Event: 18.767 Thread 0x0000020d260df800 Uncommon trap: reason=speculate_class_check action=maybe_recompile pc=0x0000020d10bfb4a8 method=java.lang.invoke.LambdaForm$MH/931919113.linkToTargetMethod(Ljava/lang/Object;Ljava/lang/Object;)Ljava/lang/Object; @ 1
Event: 19.841 Thread 0x0000020d260df800 Uncommon trap: reason=speculate_class_check action=maybe_recompile pc=0x0000020d10bfb4a8 method=java.lang.invoke.LambdaForm$MH/931919113.linkToTargetMethod(Ljava/lang/Object;Ljava/lang/Object;)Ljava/lang/Object; @ 1
Event: 19.927 Thread 0x0000020d260df800 Uncommon trap: reason=unstable_if action=reinterpret pc=0x0000020d108c99fc method=jdk.internal.org.objectweb.asm.Type.getArgumentsAndReturnSizes(Ljava/lang/String;)I @ 118
Event: 19.927 Thread 0x0000020d260df800 Uncommon trap: reason=unstable_if action=reinterpret pc=0x0000020d10ce08a8 method=jdk.internal.org.objectweb.asm.Type.getArgumentsAndReturnSizes(Ljava/lang/String;)I @ 118
Event: 20.166 Thread 0x0000020d0eabd000 Uncommon trap: reason=bimorphic action=maybe_recompile pc=0x0000020d10db5794 method=java.util.regex.Pattern$CharProperty.match(Ljava/util/regex/Matcher;ILjava/lang/CharSequence;)Z @ 37
Event: 20.166 Thread 0x0000020d0eabd000 Uncommon trap: reason=bimorphic action=maybe_recompile pc=0x0000020d10db5794 method=java.util.regex.Pattern$CharProperty.match(Ljava/util/regex/Matcher;ILjava/lang/CharSequence;)Z @ 37
Event: 22.377 Thread 0x0000020d0eabd000 Uncommon trap: reason=class_check action=maybe_recompile pc=0x0000020d10aa34bc method=java.util.zip.InflaterInputStream.read([BII)I @ 100
Event: 22.377 Thread 0x0000020d0eabd000 Uncommon trap: reason=class_check action=maybe_recompile pc=0x0000020d10aa34bc method=java.util.zip.InflaterInputStream.read([BII)I @ 100
Event: 22.377 Thread 0x0000020d0eabd000 Uncommon trap: reason=class_check action=maybe_recompile pc=0x0000020d10aa34bc method=java.util.zip.InflaterInputStream.read([BII)I @ 100
Event: 22.377 Thread 0x0000020d0eabd000 Uncommon trap: reason=class_check action=maybe_recompile pc=0x0000020d10aa34bc method=java.util.zip.InflaterInputStream.read([BII)I @ 100

Classes redefined (0 events):
No events

Internal exceptions (10 events):
Event: 22.376 Thread 0x0000020d0eabd000 Exception <a 'java/lang/ClassNotFoundException': scala/runtime> (0x00000000d8b2ce48) thrown at [C:\jenkins\workspace\8-2-build-windows-amd64-cygwin\jdk8u291\1294\hotspot\src\share\vm\classfile\systemDictionary.cpp, line 212]
Event: 22.391 Thread 0x0000020d0eabd000 Exception <a 'java/lang/ClassNotFoundException': scala/annotation> (0x00000000d8cbbd28) thrown at [C:\jenkins\workspace\8-2-build-windows-amd64-cygwin\jdk8u291\1294\hotspot\src\share\vm\classfile\systemDictionary.cpp, line 212]
Event: 22.392 Thread 0x0000020d0eabd000 Exception <a 'java/lang/ClassNotFoundException': scala/annotation/package> (0x00000000d8cbcfc8) thrown at [C:\jenkins\workspace\8-2-build-windows-amd64-cygwin\jdk8u291\1294\hotspot\src\share\vm\classfile\systemDictionary.cpp, line 212]
Event: 22.414 Thread 0x0000020d0eabd000 Exception <a 'java/lang/ClassNotFoundException': scala/collection> (0x00000000d8cc8648) thrown at [C:\jenkins\workspace\8-2-build-windows-amd64-cygwin\jdk8u291\1294\hotspot\src\share\vm\classfile\systemDictionary.cpp, line 212]
Event: 22.431 Thread 0x0000020d0eabd000 Exception <a 'java/lang/ClassNotFoundException': scala/collection/breakOut> (0x00000000d8ccdf30) thrown at [C:\jenkins\workspace\8-2-build-windows-amd64-cygwin\jdk8u291\1294\hotspot\src\share\vm\classfile\systemDictionary.cpp, line 212]
Event: 22.465 Thread 0x0000020d0eabd000 Exception <a 'java/lang/ClassNotFoundException': java/io> (0x00000000d8cfd6f8) thrown at [C:\jenkins\workspace\8-2-build-windows-amd64-cygwin\jdk8u291\1294\hotspot\src\share\vm\classfile\systemDictionary.cpp, line 212]
Event: 22.474 Thread 0x0000020d0eabd000 Exception <a 'java/lang/ClassNotFoundException': java/io/package> (0x00000000d8cfe670) thrown at [C:\jenkins\workspace\8-2-build-windows-amd64-cygwin\jdk8u291\1294\hotspot\src\share\vm\classfile\systemDictionary.cpp, line 212]
Event: 22.612 Thread 0x0000020d0eabd000 Exception <a 'java/lang/ClassNotFoundException': java/util> (0x00000000d8d3ea90) thrown at [C:\jenkins\workspace\8-2-build-windows-amd64-cygwin\jdk8u291\1294\hotspot\src\share\vm\classfile\systemDictionary.cpp, line 212]
Event: 22.614 Thread 0x0000020d0eabd000 Exception <a 'java/lang/ClassNotFoundException': java/util/package> (0x00000000d8d3fcd0) thrown at [C:\jenkins\workspace\8-2-build-windows-amd64-cygwin\jdk8u291\1294\hotspot\src\share\vm\classfile\systemDictionary.cpp, line 212]
Event: 22.737 Thread 0x0000020d0eabd000 Exception <a 'java/lang/NoSuchMethodError': java.lang.Object.$anonfun$init$1$adapted(Lscala/runtime/ObjectRef;Lscala/runtime/BooleanRef;Lscala/collection/mutable/Builder;Ljava/lang/Object;)Ljava/lang/Object;> (0x00000000d8dce828) thrown at [C:\jenkins\wor

Events (10 events):
Event: 22.612 loading class java/util
Event: 22.612 loading class java/util done
Event: 22.614 loading class java/util/package
Event: 22.614 loading class java/util/package done
Event: 22.640 loading class scala/Float
Event: 22.640 loading class scala/Float done
Event: 22.659 loading class scala/Double
Event: 22.660 loading class scala/Double done
Event: 22.674 loading class scala/Byte
Event: 22.674 loading class scala/Byte done


Dynamic libraries:
0x00007ff608a50000 - 0x00007ff608a97000 	C:\Program Files\Java\jre1.8.0_291\bin\javaw.exe
0x00007ffa48410000 - 0x00007ffa48605000 	C:\WINDOWS\SYSTEM32\ntdll.dll
0x00007ffa47fb0000 - 0x00007ffa4806d000 	C:\WINDOWS\System32\KERNEL32.DLL
0x00007ffa45d90000 - 0x00007ffa46058000 	C:\WINDOWS\System32\KERNELBASE.dll
0x00007ffa46730000 - 0x00007ffa467dc000 	C:\WINDOWS\System32\ADVAPI32.dll
0x00007ffa47580000 - 0x00007ffa4761e000 	C:\WINDOWS\System32\msvcrt.dll
0x00007ffa47d00000 - 0x00007ffa47d9b000 	C:\WINDOWS\System32\sechost.dll
0x00007ffa46520000 - 0x00007ffa4664b000 	C:\WINDOWS\System32\RPCRT4.dll
0x00007ffa47620000 - 0x00007ffa477c0000 	C:\WINDOWS\System32\USER32.dll
0x00007ffa46060000 - 0x00007ffa46082000 	C:\WINDOWS\System32\win32u.dll
0x00007ffa48070000 - 0x00007ffa4809a000 	C:\WINDOWS\System32\GDI32.dll
0x00007ffa45ba0000 - 0x00007ffa45cab000 	C:\WINDOWS\System32\gdi32full.dll
0x00007ffa462d0000 - 0x00007ffa4636d000 	C:\WINDOWS\System32\msvcp_win.dll
0x00007ffa46370000 - 0x00007ffa46470000 	C:\WINDOWS\System32\ucrtbase.dll
0x00007ffa32910000 - 0x00007ffa32baa000 	C:\WINDOWS\WinSxS\amd64_microsoft.windows.common-controls_6595b64144ccf1df_6.0.19041.844_none_ca00b6081b84eb1d\COMCTL32.dll
0x00007ffa47da0000 - 0x00007ffa47dd0000 	C:\WINDOWS\System32\IMM32.DLL
0x00007ffa2f9a0000 - 0x00007ffa2f9b5000 	C:\Program Files\Java\jre1.8.0_291\bin\vcruntime140.dll
0x00007ffa2b620000 - 0x00007ffa2b6bb000 	C:\Program Files\Java\jre1.8.0_291\bin\msvcp140.dll
0x0000000050f30000 - 0x0000000051790000 	C:\Program Files\Java\jre1.8.0_291\bin\server\jvm.dll
0x00007ffa47990000 - 0x00007ffa47998000 	C:\WINDOWS\System32\PSAPI.DLL
0x00007ffa2a4b0000 - 0x00007ffa2a4b9000 	C:\WINDOWS\SYSTEM32\WSOCK32.dll
0x00007ffa48230000 - 0x00007ffa4829b000 	C:\WINDOWS\System32\WS2_32.dll
0x00007ffa3a9f0000 - 0x00007ffa3aa17000 	C:\WINDOWS\SYSTEM32\WINMM.dll
0x00007ffa39ad0000 - 0x00007ffa39ada000 	C:\WINDOWS\SYSTEM32\VERSION.dll
0x00007ffa43a60000 - 0x00007ffa43a72000 	C:\WINDOWS\SYSTEM32\kernel.appcore.dll
0x00007ffa28690000 - 0x00007ffa286a0000 	C:\Program Files\Java\jre1.8.0_291\bin\verify.dll
0x00007ffa1e610000 - 0x00007ffa1e63b000 	C:\Program Files\Java\jre1.8.0_291\bin\java.dll
0x00007ffa1e5f0000 - 0x00007ffa1e608000 	C:\Program Files\Java\jre1.8.0_291\bin\zip.dll
0x00007ffa467e0000 - 0x00007ffa46f22000 	C:\WINDOWS\System32\SHELL32.dll
0x00007ffa43c60000 - 0x00007ffa443f0000 	C:\WINDOWS\SYSTEM32\windows.storage.dll
0x00007ffa479a0000 - 0x00007ffa47cf5000 	C:\WINDOWS\System32\combase.dll
0x00007ffa45420000 - 0x00007ffa4544c000 	C:\WINDOWS\SYSTEM32\Wldp.dll
0x00007ffa46470000 - 0x00007ffa4651e000 	C:\WINDOWS\System32\SHCORE.dll
0x00007ffa47f50000 - 0x00007ffa47fa5000 	C:\WINDOWS\System32\shlwapi.dll
0x00007ffa45a90000 - 0x00007ffa45aaf000 	C:\WINDOWS\SYSTEM32\profapi.dll
0x00007ffa3fe70000 - 0x00007ffa3fe7d000 	C:\Program Files\Java\jre1.8.0_291\bin\management.dll
0x00007ffa1e5d0000 - 0x00007ffa1e5ec000 	C:\Program Files\Java\jre1.8.0_291\bin\net.dll
0x00007ffa45200000 - 0x00007ffa4526a000 	C:\WINDOWS\system32\mswsock.dll
0x00007ffa1e5b0000 - 0x00007ffa1e5c3000 	C:\Program Files\Java\jre1.8.0_291\bin\nio.dll
0x00007ffa44f60000 - 0x00007ffa4502c000 	C:\WINDOWS\SYSTEM32\DNSAPI.dll
0x00007ffa44f10000 - 0x00007ffa44f4b000 	C:\WINDOWS\SYSTEM32\IPHLPAPI.DLL
0x00007ffa46f30000 - 0x00007ffa46f38000 	C:\WINDOWS\System32\NSI.dll
0x00007ffa3a9c0000 - 0x00007ffa3a9ca000 	C:\Windows\System32\rasadhlp.dll
0x00007ffa3cab0000 - 0x00007ffa3cb2f000 	C:\WINDOWS\System32\fwpuclnt.dll
0x00007ffa46140000 - 0x00007ffa46167000 	C:\WINDOWS\System32\bcrypt.dll
0x00007ffa454d0000 - 0x00007ffa454e8000 	C:\WINDOWS\SYSTEM32\CRYPTSP.dll
0x00007ffa44bc0000 - 0x00007ffa44bf4000 	C:\WINDOWS\system32\rsaenh.dll
0x00007ffa459e0000 - 0x00007ffa45a0e000 	C:\WINDOWS\SYSTEM32\USERENV.dll
0x00007ffa45d10000 - 0x00007ffa45d90000 	C:\WINDOWS\System32\bcryptprimitives.dll
0x00007ffa45380000 - 0x00007ffa4538c000 	C:\WINDOWS\SYSTEM32\CRYPTBASE.dll
0x00007ffa3f2d0000 - 0x00007ffa3f2e7000 	C:\WINDOWS\SYSTEM32\dhcpcsvc6.DLL
0x00007ffa3f7a0000 - 0x00007ffa3f7bd000 	C:\WINDOWS\SYSTEM32\dhcpcsvc.DLL
0x00007ffa345c0000 - 0x00007ffa345d7000 	C:\WINDOWS\system32\napinsp.dll
0x00007ffa348e0000 - 0x00007ffa348fb000 	C:\WINDOWS\system32\pnrpnsp.dll
0x00007ffa3a130000 - 0x00007ffa3a145000 	C:\WINDOWS\system32\wshbth.dll
0x00007ffa41940000 - 0x00007ffa4195d000 	C:\WINDOWS\system32\NLAapi.dll
0x00007ffa3a0c0000 - 0x00007ffa3a0d2000 	C:\WINDOWS\System32\winrnr.dll
0x00007ffa3c5a0000 - 0x00007ffa3c5bd000 	C:\Windows\System32\hadoop.dll
0x00007ffa44900000 - 0x00007ffa4494c000 	C:\WINDOWS\SYSTEM32\AUTHZ.dll
0x00007ffa34de0000 - 0x00007ffa34df8000 	C:\WINDOWS\SYSTEM32\NETAPI32.dll
0x0000000053490000 - 0x0000000053562000 	C:\WINDOWS\SYSTEM32\MSVCR100.dll
0x00007ffa44f50000 - 0x00007ffa44f5c000 	C:\WINDOWS\SYSTEM32\NETUTILS.DLL
0x00007ffa375e0000 - 0x00007ffa375f9000 	C:\WINDOWS\SYSTEM32\SAMCLI.DLL
0x00007ffa40070000 - 0x00007ffa40079000 	C:\Program Files\Java\jre1.8.0_291\bin\jaas_nt.dll
0x0000000066f40000 - 0x0000000066fc3000 	C:\Users\user\AppData\Local\Temp\liblz4-java-1416990900093602907.so

VM Arguments:
jvm_args: -Dfile.encoding=UTF-8 -Xbootclasspath/a:C:\eclipse\plugins\org.scala-lang.scala-library_2.12.3.v20170725-052526-VFINAL-6ac6da8.jar;C:\eclipse\plugins\org.scala-lang.scala-reflect_2.12.3.v20170725-052526-VFINAL-6ac6da8.jar 
java_command: com.example.streaming.App
java_class_path (initial): C:\Program Files\Java\jre1.8.0_291\lib\resources.jar;C:\Program Files\Java\jre1.8.0_291\lib\rt.jar;C:\Program Files\Java\jre1.8.0_291\lib\jsse.jar;C:\Program Files\Java\jre1.8.0_291\lib\jce.jar;C:\Program Files\Java\jre1.8.0_291\lib\charsets.jar;C:\Program Files\Java\jre1.8.0_291\lib\jfr.jar;C:\Program Files\Java\jre1.8.0_291\lib\ext\access-bridge-64.jar;C:\Program Files\Java\jre1.8.0_291\lib\ext\cldrdata.jar;C:\Program Files\Java\jre1.8.0_291\lib\ext\dnsns.jar;C:\Program Files\Java\jre1.8.0_291\lib\ext\jaccess.jar;C:\Program Files\Java\jre1.8.0_291\lib\ext\jfxrt.jar;C:\Program Files\Java\jre1.8.0_291\lib\ext\localedata.jar;C:\Program Files\Java\jre1.8.0_291\lib\ext\nashorn.jar;C:\Program Files\Java\jre1.8.0_291\lib\ext\sunec.jar;C:\Program Files\Java\jre1.8.0_291\lib\ext\sunjce_provider.jar;C:\Program Files\Java\jre1.8.0_291\lib\ext\sunmscapi.jar;C:\Program Files\Java\jre1.8.0_291\lib\ext\sunpkcs11.jar;C:\Program Files\Java\jre1.8.0_291\lib\ext\zipfs.jar;C:\eclipse\plugins\org.scala-lang.scala-library_2.12.3.v20170725-052526-VFINAL-6ac6da8.jar;C:\eclipse\plugins\org.scala-lang.scala-reflect_2.12.3.v20170725-052526-VFINAL-6ac6da8.jar;E:\scala workspace\demo-proj\Spark-Streaming\app\bin\main;E:\scala workspace\demo-proj\Spark-Streaming\app\bin\test;\Spark-Streaming-app\bin\default;C:\Users\user\.gradle\caches\modules-2\files-2.1\org.apache.spark\spark-sql_2.12\3.1.1\982e2170024fd05a5db45b9c4d4d1e9922129f1a\spark-sql_2.12-3.1.1.jar;C:\Users\user\.gradle\caches\modules-2\files-2.1\org.apache.spark\spark-streaming_2.12\3.1.1\5ee7ba2b6a7c8126d4367fd1dd7e3d692b749d4a\spark-streaming_2.12-3.1.1.jar;C:\Users\user\.gradle\caches\modules-2\files-2.1\org.apache.kafka\kafka_2.12\2.8.0\1ae583179d2859625d51a72c5555d955a3c9678f\kafka_2.12-2.8.0.jar;C:\Users\user\.gradle\caches\modules-2\files-2.1\org.apache.spark\spark-catalyst_2.12\3.1.1\c4e2d5003a9a21a9ce180cc1a3594bccb83d66f2\spark-catalyst_2.12-3.1.1.jar;C:\Users\user\.gradle\caches\modules-2\files
Launcher Type: SUN_STANDARD

Environment Variables:
JAVA_HOME=C:\Program Files\Java\jre1.8.0_291\
PATH=C:/Program Files/Java/jre1.8.0_291/bin/server;C:/Program Files/Java/jre1.8.0_291/bin;C:/Program Files/Java/jre1.8.0_291/lib/amd64;C:\Python27\;C:\Python27\Scripts;C:\Program Files\Java\jre1.8.0_291\bin;C:\Program Files\Java\jdk-11\bin;C:\MinGW\msys\1.0\bin;C:\Python27\Scripts;C:\sqlite;C:\WINDOWS\system32;C:\WINDOWS;C:\WINDOWS\System32\Wbem;C:\WINDOWS\System32\WindowsPowerShell\v1.0\;C:\WINDOWS\System32\OpenSSH\;D:\nodejs\;C:\Program Files\MongoDB\Server\4.4\bin;C:\Program Files\PuTTY\;C:\ProgramData\chocolatey\bin;C:\Program Files\Git\cmd;C:\Users\user\.cargo\bin;C:\Program Files\Docker\Docker\resources\bin;C:\ProgramData\DockerDesktop\version-bin;C:\apache-maven-3.6.3\bin;C:\Program Files\Amazon\AWSCLIV2\;C:\kotlinc\bin;C:\hadoop\bin;C:\spark\bin;C:\cassandra\bin;C:\Program Files (x86)\sbt\bin;C:\zookeeper\apache-zookeeper-3.7.0-bin\apache-zookeeper-3.7.0-bin\bin;C:\Program Files (x86)\scala\bin;C:\Gradle\bin;C:\Users\user\.cargo\bin;C:\Program Files\MySQL\MySQL Shell 8.0\bin\;C:\Users\user\AppData\Local\Programs\Python\Python39\Scripts\;C:\Users\user\AppData\Local\Programs\Python\Python39\;C:\Users\user\AppData\Local\Microsoft\WindowsApps;C:\MinGW\bin;C:\MinGW\msys\1.0\bin;C:\Users\user\AppData\Roaming\npm;C:\Users\user\AppData\Local\Programs\Microsoft VS Code\bin;C:\Program Files\JetBrains\PyCharm 2020.3.3\bin;;C:\eclipse;
USERNAME=user
OS=Windows_NT
PROCESSOR_IDENTIFIER=AMD64 Family 21 Model 112 Stepping 0, AuthenticAMD



---------------  S Y S T E M  ---------------

OS: Windows 10.0 , 64 bit Build 19041 (10.0.19041.928)

CPU:total 2 (initial active 2) (2 cores per cpu, 1 threads per core) family 21 model 112 stepping 0, cmov, cx8, fxsr, mmx, sse, sse2, sse3, ssse3, sse4.1, sse4.2, popcnt, avx, avx2, aes, clmul, mmxext, 3dnowpref, lzcnt, sse4a, tsc, tscinvbit, tscinv, bmi1

Memory: 4k page, physical 7821492k(1011528k free), swap 9918644k(5148k free)

vm_info: Java HotSpot(TM) 64-Bit Server VM (25.291-b10) for windows-amd64 JRE (1.8.0_291-b10), built on Apr  9 2021 00:02:00 by "java_re" with MS VC++ 15.9 (VS2017)

time: Tue Jun  8 09:32:15 2021
timezone: India Standard Time
elapsed time: 22.781074 seconds (0d 0h 0m 22s)

