#
# There is insufficient memory for the Java Runtime Environment to continue.
# Native memory allocation (malloc) failed to allocate 32744 bytes for ChunkPool::allocate
# Possible reasons:
#   The system is out of physical RAM or swap space
#   The process is running with CompressedOops enabled, and the Java Heap may be blocking the growth of the native heap
# Possible solutions:
#   Reduce memory load on the system
#   Increase physical memory or swap space
#   Check if swap backing store is full
#   Decrease Java heap size (-Xmx/-Xms)
#   Decrease number of Java threads
#   Decrease Java thread stack sizes (-Xss)
#   Set larger code cache with -XX:ReservedCodeCacheSize=
#   JVM is running with Unscaled Compressed Oops mode in which the Java heap is
#     placed in the first 4GB address space. The Java Heap base address is the
#     maximum limit for the native heap growth. Please use -XX:HeapBaseMinAddress
#     to set the Java Heap base and to place the Java Heap above 4GB virtual address.
# This output file may be truncated or incomplete.
#
#  Out of Memory Error (allocation.cpp:272), pid=10468, tid=0x0000000000000a98
#
# JRE version: Java(TM) SE Runtime Environment (8.0_291-b10) (build 1.8.0_291-b10)
# Java VM: Java HotSpot(TM) 64-Bit Server VM (25.291-b10 mixed mode windows-amd64 compressed oops)
# Failed to write core dump. Minidumps are not enabled by default on client versions of Windows
#

---------------  T H R E A D  ---------------

Current thread (0x000001b66e3ed800):  JavaThread "main" [_thread_in_vm, id=2712, stack(0x0000005efc800000,0x0000005efc900000)]

Stack: [0x0000005efc800000,0x0000005efc900000]
Native frames: (J=compiled Java code, j=interpreted, Vv=VM code, C=native code)
V  [jvm.dll+0x32ea19]

Java frames: (J=compiled Java code, j=interpreted, Vv=VM code)
j  java.lang.ClassLoader.findBootstrapClass(Ljava/lang/String;)Ljava/lang/Class;+0
j  java.lang.ClassLoader.findBootstrapClassOrNull(Ljava/lang/String;)Ljava/lang/Class;+12
j  java.lang.ClassLoader.loadClass(Ljava/lang/String;Z)Ljava/lang/Class;+48
j  java.lang.ClassLoader.loadClass(Ljava/lang/String;Z)Ljava/lang/Class;+38
j  sun.misc.Launcher$AppClassLoader.loadClass(Ljava/lang/String;Z)Ljava/lang/Class;+81
j  java.lang.ClassLoader.loadClass(Ljava/lang/String;)Ljava/lang/Class;+3
v  ~StubRoutines::call_stub
j  com.example.mongo.App.main([Ljava/lang/String;)V+0
v  ~StubRoutines::call_stub

---------------  P R O C E S S  ---------------

Java Threads: ( => current thread )
  0x000001b6045c6000 JavaThread "Service Thread" daemon [_thread_blocked, id=5376, stack(0x0000005efd200000,0x0000005efd300000)]
  0x000001b6045c1800 JavaThread "C1 CompilerThread1" daemon [_thread_blocked, id=7488, stack(0x0000005efd100000,0x0000005efd200000)]
  0x000001b604566000 JavaThread "C2 CompilerThread0" daemon [_thread_blocked, id=1104, stack(0x0000005efd000000,0x0000005efd100000)]
  0x000001b604564800 JavaThread "Attach Listener" daemon [_thread_blocked, id=7236, stack(0x0000005efcf00000,0x0000005efd000000)]
  0x000001b604563800 JavaThread "Signal Dispatcher" daemon [_thread_blocked, id=9988, stack(0x0000005efce00000,0x0000005efcf00000)]
  0x000001b604549800 JavaThread "Finalizer" daemon [_thread_blocked, id=9940, stack(0x0000005efcd00000,0x0000005efce00000)]
  0x000001b67fc27800 JavaThread "Reference Handler" daemon [_thread_blocked, id=10780, stack(0x0000005efcc00000,0x0000005efcd00000)]
=>0x000001b66e3ed800 JavaThread "main" [_thread_in_vm, id=2712, stack(0x0000005efc800000,0x0000005efc900000)]

Other Threads:
  0x000001b604523000 VMThread [stack: 0x0000005efcb00000,0x0000005efcc00000] [id=4692]
  0x000001b6045e0800 WatcherThread [stack: 0x0000005efd300000,0x0000005efd400000] [id=6260]

VM state:not at safepoint (normal execution)

VM Mutex/Monitor currently owned by a thread: None

heap address: 0x0000000088a00000, size: 1910 MB, Compressed Oops mode: 32-bit
Narrow klass base: 0x0000000000000000, Narrow klass shift: 3
Compressed class space size: 1073741824 Address: 0x0000000100000000

Heap:
 PSYoungGen      total 35840K, used 1858K [0x00000000d8380000, 0x00000000dab80000, 0x0000000100000000)
  eden space 30720K, 6% used [0x00000000d8380000,0x00000000d8550900,0x00000000da180000)
  from space 5120K, 0% used [0x00000000da680000,0x00000000da680000,0x00000000dab80000)
  to   space 5120K, 0% used [0x00000000da180000,0x00000000da180000,0x00000000da680000)
 ParOldGen       total 81920K, used 0K [0x0000000088a00000, 0x000000008da00000, 0x00000000d8380000)
  object space 81920K, 0% used [0x0000000088a00000,0x0000000088a00000,0x000000008da00000)
 Metaspace       used 3060K, capacity 4494K, committed 4864K, reserved 1056768K
  class space    used 305K, capacity 386K, committed 512K, reserved 1048576K

Card table byte_map: [0x000001b67f130000,0x000001b67f4f0000] byte_map_base: 0x000001b67eceb000

Marking Bits: (ParMarkBitMap*) 0x0000000060c97fe0
 Begin Bits: [0x000001b600000000, 0x000001b601dd8000)
 End Bits:   [0x000001b601dd8000, 0x000001b603bb0000)

Polling page: 0x000001b66e500000

CodeCache: size=245760Kb used=1161Kb max_used=1161Kb free=244598Kb
 bounds [0x000001b66fd70000, 0x000001b66ffe0000, 0x000001b67ed70000]
 total_blobs=288 nmethods=54 adapters=148
 compilation: enabled

Compilation events (10 events):
Event: 0.413 Thread 0x000001b6045c1800   50       3       java.lang.StringBuilder::toString (17 bytes)
Event: 0.413 Thread 0x000001b6045c1800 nmethod 50 0x000001b66fe90850 code [0x000001b66fe909c0, 0x000001b66fe90bd0]
Event: 0.413 Thread 0x000001b6045c1800   51       3       java.util.HashMap::getNode (148 bytes)
Event: 0.414 Thread 0x000001b6045c1800 nmethod 51 0x000001b66fe90c90 code [0x000001b66fe90e60, 0x000001b66fe91810]
Event: 0.417 Thread 0x000001b6045c1800   52       3       java.util.jar.Attributes$Name::isValid (32 bytes)
Event: 0.418 Thread 0x000001b6045c1800 nmethod 52 0x000001b66fe91ad0 code [0x000001b66fe91c40, 0x000001b66fe91f00]
Event: 0.418 Thread 0x000001b6045c1800   53       3       java.util.jar.Attributes$Name::isAlpha (30 bytes)
Event: 0.418 Thread 0x000001b6045c1800 nmethod 53 0x000001b66fe91f90 code [0x000001b66fe920e0, 0x000001b66fe92318]
Event: 0.420 Thread 0x000001b6045c1800   54       3       sun.misc.ASCIICaseInsensitiveComparator::toLower (16 bytes)
Event: 0.420 Thread 0x000001b6045c1800 nmethod 54 0x000001b66fe92390 code [0x000001b66fe92500, 0x000001b66fe92758]

GC Heap History (0 events):
No events

Deoptimization events (0 events):
No events

Classes redefined (0 events):
No events

Internal exceptions (4 events):
Event: 0.085 Thread 0x000001b66e3ed800 Exception <a 'java/lang/NoSuchMethodError': Method sun.misc.Unsafe.defineClass(Ljava/lang/String;[BII)Ljava/lang/Class; name or signature does not match> (0x00000000d8387cc0) thrown at [C:\jenkins\workspace\8-2-build-windows-amd64-cygwin\jdk8u291\1294\hot
Event: 0.085 Thread 0x000001b66e3ed800 Exception <a 'java/lang/NoSuchMethodError': Method sun.misc.Unsafe.prefetchRead(Ljava/lang/Object;J)V name or signature does not match> (0x00000000d8387fa8) thrown at [C:\jenkins\workspace\8-2-build-windows-amd64-cygwin\jdk8u291\1294\hotspot\src\share\vm\
Event: 0.411 Thread 0x000001b66e3ed800 Exception <a 'java/security/PrivilegedActionException'> (0x00000000d85215c8) thrown at [C:\jenkins\workspace\8-2-build-windows-amd64-cygwin\jdk8u291\1294\hotspot\src\share\vm\prims\jvm.cpp, line 1523]
Event: 0.411 Thread 0x000001b66e3ed800 Exception <a 'java/security/PrivilegedActionException'> (0x00000000d85217d8) thrown at [C:\jenkins\workspace\8-2-build-windows-amd64-cygwin\jdk8u291\1294\hotspot\src\share\vm\prims\jvm.cpp, line 1523]

Events (10 events):
Event: 0.430 loading class scala/Equals
Event: 0.430 loading class scala/Equals done
Event: 0.431 loading class scala/collection/IterableLike done
Event: 0.433 loading class scala/collection/Iterable done
Event: 0.433 loading class scala/collection/GenSeq
Event: 0.433 loading class scala/collection/GenSeqLike
Event: 0.434 loading class scala/collection/GenSeqLike done
Event: 0.437 loading class scala/collection/GenSeq done
Event: 0.437 loading class scala/collection/SeqLike
Event: 0.439 loading class scala/collection/SeqLike done


Dynamic libraries:
0x00007ff6670d0000 - 0x00007ff667117000 	C:\Program Files\Java\jre1.8.0_291\bin\javaw.exe
0x00007ffe42930000 - 0x00007ffe42b25000 	C:\WINDOWS\SYSTEM32\ntdll.dll
0x00007ffe41860000 - 0x00007ffe4191d000 	C:\WINDOWS\System32\KERNEL32.DLL
0x00007ffe40170000 - 0x00007ffe40438000 	C:\WINDOWS\System32\KERNELBASE.dll
0x00007ffe409b0000 - 0x00007ffe40a5c000 	C:\WINDOWS\System32\ADVAPI32.dll
0x00007ffe42850000 - 0x00007ffe428ee000 	C:\WINDOWS\System32\msvcrt.dll
0x00007ffe42460000 - 0x00007ffe424fb000 	C:\WINDOWS\System32\sechost.dll
0x00007ffe41410000 - 0x00007ffe4153b000 	C:\WINDOWS\System32\RPCRT4.dll
0x00007ffe41980000 - 0x00007ffe41b20000 	C:\WINDOWS\System32\USER32.dll
0x00007ffe40590000 - 0x00007ffe405b2000 	C:\WINDOWS\System32\win32u.dll
0x00007ffe413e0000 - 0x00007ffe4140a000 	C:\WINDOWS\System32\GDI32.dll
0x00007ffe40610000 - 0x00007ffe4071b000 	C:\WINDOWS\System32\gdi32full.dll
0x00007ffe404f0000 - 0x00007ffe4058d000 	C:\WINDOWS\System32\msvcp_win.dll
0x00007ffe40070000 - 0x00007ffe40170000 	C:\WINDOWS\System32\ucrtbase.dll
0x00007ffe2b690000 - 0x00007ffe2b92a000 	C:\WINDOWS\WinSxS\amd64_microsoft.windows.common-controls_6595b64144ccf1df_6.0.19041.844_none_ca00b6081b84eb1d\COMCTL32.dll
0x00007ffe40a60000 - 0x00007ffe40a90000 	C:\WINDOWS\System32\IMM32.DLL
0x00007ffe2f730000 - 0x00007ffe2f745000 	C:\Program Files\Java\jre1.8.0_291\bin\vcruntime140.dll
0x00007ffe2f690000 - 0x00007ffe2f72b000 	C:\Program Files\Java\jre1.8.0_291\bin\msvcp140.dll
0x00000000604b0000 - 0x0000000060d10000 	C:\Program Files\Java\jre1.8.0_291\bin\server\jvm.dll
0x00007ffe40c20000 - 0x00007ffe40c28000 	C:\WINDOWS\System32\PSAPI.DLL
0x00007ffe2bc00000 - 0x00007ffe2bc09000 	C:\WINDOWS\SYSTEM32\WSOCK32.dll
0x00007ffe42500000 - 0x00007ffe4256b000 	C:\WINDOWS\System32\WS2_32.dll
0x00007ffe325c0000 - 0x00007ffe325ca000 	C:\WINDOWS\SYSTEM32\VERSION.dll
0x00007ffe34600000 - 0x00007ffe34627000 	C:\WINDOWS\SYSTEM32\WINMM.dll
0x00007ffe3df80000 - 0x00007ffe3df92000 	C:\WINDOWS\SYSTEM32\kernel.appcore.dll
0x00007ffe2bb50000 - 0x00007ffe2bb60000 	C:\Program Files\Java\jre1.8.0_291\bin\verify.dll
0x00007ffe17f40000 - 0x00007ffe17f6b000 	C:\Program Files\Java\jre1.8.0_291\bin\java.dll
0x00007ffe18bf0000 - 0x00007ffe18c08000 	C:\Program Files\Java\jre1.8.0_291\bin\zip.dll
0x00007ffe40c30000 - 0x00007ffe41372000 	C:\WINDOWS\System32\SHELL32.dll
0x00007ffe3e180000 - 0x00007ffe3e910000 	C:\WINDOWS\SYSTEM32\windows.storage.dll
0x00007ffe42100000 - 0x00007ffe42455000 	C:\WINDOWS\System32\combase.dll
0x00007ffe3f940000 - 0x00007ffe3f96c000 	C:\WINDOWS\SYSTEM32\Wldp.dll
0x00007ffe41670000 - 0x00007ffe4171e000 	C:\WINDOWS\System32\SHCORE.dll
0x00007ffe41800000 - 0x00007ffe41855000 	C:\WINDOWS\System32\shlwapi.dll
0x00007ffe3ffb0000 - 0x00007ffe3ffcf000 	C:\WINDOWS\SYSTEM32\profapi.dll
0x00007ffe31710000 - 0x00007ffe318f4000 	C:\WINDOWS\SYSTEM32\dbghelp.dll
0x00007ffe40440000 - 0x00007ffe404c0000 	C:\WINDOWS\System32\bcryptPrimitives.dll

VM Arguments:
jvm_args: -Dfile.encoding=UTF-8 -Xbootclasspath/a:C:\eclipse\plugins\org.scala-lang.scala-library_2.12.3.v20170725-052526-VFINAL-6ac6da8.jar;C:\eclipse\plugins\org.scala-lang.scala-reflect_2.12.3.v20170725-052526-VFINAL-6ac6da8.jar 
java_command: com.example.mongo.App
java_class_path (initial): C:\Program Files\Java\jre1.8.0_291\lib\resources.jar;C:\Program Files\Java\jre1.8.0_291\lib\rt.jar;C:\Program Files\Java\jre1.8.0_291\lib\jsse.jar;C:\Program Files\Java\jre1.8.0_291\lib\jce.jar;C:\Program Files\Java\jre1.8.0_291\lib\charsets.jar;C:\Program Files\Java\jre1.8.0_291\lib\jfr.jar;C:\Program Files\Java\jre1.8.0_291\lib\ext\access-bridge-64.jar;C:\Program Files\Java\jre1.8.0_291\lib\ext\cldrdata.jar;C:\Program Files\Java\jre1.8.0_291\lib\ext\dnsns.jar;C:\Program Files\Java\jre1.8.0_291\lib\ext\jaccess.jar;C:\Program Files\Java\jre1.8.0_291\lib\ext\jfxrt.jar;C:\Program Files\Java\jre1.8.0_291\lib\ext\localedata.jar;C:\Program Files\Java\jre1.8.0_291\lib\ext\nashorn.jar;C:\Program Files\Java\jre1.8.0_291\lib\ext\sunec.jar;C:\Program Files\Java\jre1.8.0_291\lib\ext\sunjce_provider.jar;C:\Program Files\Java\jre1.8.0_291\lib\ext\sunmscapi.jar;C:\Program Files\Java\jre1.8.0_291\lib\ext\sunpkcs11.jar;C:\Program Files\Java\jre1.8.0_291\lib\ext\zipfs.jar;C:\eclipse\plugins\org.scala-lang.scala-library_2.12.3.v20170725-052526-VFINAL-6ac6da8.jar;C:\eclipse\plugins\org.scala-lang.scala-reflect_2.12.3.v20170725-052526-VFINAL-6ac6da8.jar;E:\scala workspace\scalaMongodb\app\bin\main;E:\scala workspace\scalaMongodb\app\bin\test;\App\bin\default;C:\Users\user\.gradle\caches\modules-2\files-2.1\org.mongodb.scala\mongo-scala-driver_2.12\4.3.0-beta2\5a3ade949738dbe9244f662acdcfba1370e62f51\mongo-scala-driver_2.12-4.3.0-beta2.jar;C:\Users\user\.gradle\caches\modules-2\files-2.1\org.mongodb.scala\mongo-scala-bson_2.12\4.3.0-beta2\daa1c86eb0bcb0683e7a5b5955ac04d5f8863d72\mongo-scala-bson_2.12-4.3.0-beta2.jar;C:\Users\user\.gradle\caches\modules-2\files-2.1\org.scala-lang\scala-reflect\2.12.12\724278c9eb08825e176f3ed0ce49556886a2f7f7\scala-reflect-2.12.12.jar;C:\Users\user\.gradle\caches\modules-2\files-2.1\org.mongodb\mongodb-driver-reactivestreams\4.3.0-beta2\d88210d800c2238de613a7eeb908e73dcfce8d3e\mongodb-driver-reactivestreams-4.3.0-beta2.jar;C:\
Launcher Type: SUN_STANDARD

Environment Variables:
JAVA_HOME=C:\Program Files\Java\jre1.8.0_291\
PATH=C:/Program Files/Java/jre1.8.0_291/bin/server;C:/Program Files/Java/jre1.8.0_291/bin;C:/Program Files/Java/jre1.8.0_291/lib/amd64;C:\Python27\;C:\Python27\Scripts;C:\Program Files\Java\jre1.8.0_291\bin;C:\Program Files\Java\jdk-11\bin;C:\MinGW\msys\1.0\bin;C:\Python27\Scripts;C:\sqlite;C:\WINDOWS\system32;C:\WINDOWS;C:\WINDOWS\System32\Wbem;C:\WINDOWS\System32\WindowsPowerShell\v1.0\;C:\WINDOWS\System32\OpenSSH\;D:\nodejs\;C:\Program Files\MongoDB\Server\4.4\bin;C:\Program Files\PuTTY\;C:\ProgramData\chocolatey\bin;C:\Program Files\Git\cmd;C:\Users\user\.cargo\bin;C:\Program Files\Docker\Docker\resources\bin;C:\ProgramData\DockerDesktop\version-bin;C:\apache-maven-3.6.3\bin;C:\Program Files\Amazon\AWSCLIV2\;C:\kotlinc\bin;C:\hadoop\bin;C:\spark\bin;C:\cassandra\bin;C:\Program Files (x86)\sbt\bin;C:\zookeeper\apache-zookeeper-3.7.0-bin\apache-zookeeper-3.7.0-bin\bin;C:\Program Files (x86)\scala\bin;C:\Gradle\bin;C:\Users\user\.cargo\bin;C:\Program Files\MySQL\MySQL Shell 8.0\bin\;C:\Users\user\AppData\Local\Programs\Python\Python39\Scripts\;C:\Users\user\AppData\Local\Programs\Python\Python39\;C:\Users\user\AppData\Local\Microsoft\WindowsApps;C:\MinGW\bin;C:\MinGW\msys\1.0\bin;C:\Users\user\AppData\Roaming\npm;C:\Users\user\AppData\Local\Programs\Microsoft VS Code\bin;C:\Program Files\JetBrains\PyCharm 2020.3.3\bin;;C:\eclipse;
USERNAME=user
OS=Windows_NT
PROCESSOR_IDENTIFIER=AMD64 Family 21 Model 112 Stepping 0, AuthenticAMD



---------------  S Y S T E M  ---------------

OS: Windows 10.0 , 64 bit Build 19041 (10.0.19041.928)

CPU:total 2 (initial active 2) (2 cores per cpu, 1 threads per core) family 21 model 112 stepping 0, cmov, cx8, fxsr, mmx, sse, sse2, sse3, ssse3, sse4.1, sse4.2, popcnt, avx, avx2, aes, clmul, mmxext, 3dnowpref, lzcnt, sse4a, tsc, tscinvbit, tscinv, bmi1

Memory: 4k page, physical 7821492k(1127160k free), swap 9918644k(5136k free)

vm_info: Java HotSpot(TM) 64-Bit Server VM (25.291-b10) for windows-amd64 JRE (1.8.0_291-b10), built on Apr  9 2021 00:02:00 by "java_re" with MS VC++ 15.9 (VS2017)

time: Mon Jun  7 11:21:27 2021
timezone: India Standard Time
elapsed time: 0.523300 seconds (0d 0h 0m 0s)

